<?xml version="1.0" encoding="UTF-8"?>
<coverage generated="1756634471387" clover="3.2.0">
  <project timestamp="1756634471387" name="All files">
    <metrics statements="59" coveredstatements="53" conditionals="16" coveredconditionals="9" methods="11" coveredmethods="8" elements="86" coveredelements="70" complexity="0" loc="59" ncloc="59" packages="3" files="4" classes="4"/>
    <package name="algos">
      <metrics statements="21" coveredstatements="21" conditionals="6" coveredconditionals="5" methods="2" coveredmethods="2"/>
      <file name="filtro-discapacidad.ts" path="/Users/antonio/feed-discapacidad/src/algos/filtro-discapacidad.ts">
        <metrics statements="14" coveredstatements="14" conditionals="5" coveredconditionals="4" methods="1" coveredmethods="1"/>
        <line num="3" count="2" type="stmt"/>
        <line num="4" count="2" type="stmt"/>
        <line num="6" count="2" type="stmt"/>
        <line num="11" count="2" type="stmt"/>
        <line num="12" count="10" type="stmt"/>
        <line num="14" count="10" type="stmt"/>
        <line num="16" count="10" type="stmt"/>
        <line num="23" count="10" type="cond" truecount="2" falsecount="0"/>
        <line num="25" count="10" type="stmt"/>
        <line num="26" count="23" type="cond" truecount="1" falsecount="1"/>
        <line num="27" count="23" type="stmt"/>
        <line num="28" count="144" type="cond" truecount="1" falsecount="0"/>
        <line num="29" count="5" type="stmt"/>
        <line num="33" count="5" type="stmt"/>
      </file>
      <file name="filtro-espanol.ts" path="/Users/antonio/feed-discapacidad/src/algos/filtro-espanol.ts">
        <metrics statements="7" coveredstatements="7" conditionals="1" coveredconditionals="1" methods="1" coveredmethods="1"/>
        <line num="1" count="2" type="stmt"/>
        <line num="3" count="2" type="stmt"/>
        <line num="5" count="2" type="stmt"/>
        <line num="6" count="11" type="stmt"/>
        <line num="7" count="11" type="cond" truecount="1" falsecount="0"/>
        <line num="8" count="8" type="stmt"/>
        <line num="10" count="3" type="stmt"/>
      </file>
    </package>
    <package name="lib">
      <metrics statements="16" coveredstatements="10" conditionals="3" coveredconditionals="2" methods="3" coveredmethods="0"/>
      <file name="database.ts" path="/Users/antonio/feed-discapacidad/src/lib/database.ts">
        <metrics statements="16" coveredstatements="10" conditionals="3" coveredconditionals="2" methods="3" coveredmethods="0"/>
        <line num="3" count="1" type="stmt"/>
        <line num="4" count="1" type="stmt"/>
        <line num="5" count="1" type="stmt"/>
        <line num="7" count="1" type="stmt"/>
        <line num="9" count="1" type="cond" truecount="2" falsecount="0"/>
        <line num="10" count="1" type="stmt"/>
        <line num="13" count="1" type="stmt"/>
        <line num="33" count="1" type="stmt"/>
        <line num="34" count="0" type="stmt"/>
        <line num="35" count="0" type="stmt"/>
        <line num="42" count="1" type="stmt"/>
        <line num="43" count="0" type="stmt"/>
        <line num="51" count="0" type="stmt"/>
        <line num="59" count="1" type="cond" truecount="0" falsecount="1"/>
        <line num="60" count="0" type="stmt"/>
        <line num="61" count="0" type="stmt"/>
      </file>
    </package>
    <package name="services">
      <metrics statements="22" coveredstatements="22" conditionals="7" coveredconditionals="2" methods="6" coveredmethods="6"/>
      <file name="feed-generator.ts" path="/Users/antonio/feed-discapacidad/src/services/feed-generator.ts">
        <metrics statements="22" coveredstatements="22" conditionals="7" coveredconditionals="2" methods="6" coveredmethods="6"/>
        <line num="1" count="1" type="stmt"/>
        <line num="2" count="1" type="stmt"/>
        <line num="3" count="1" type="stmt"/>
        <line num="12" count="1" type="stmt"/>
        <line num="13" count="2" type="stmt"/>
        <line num="14" count="4" type="stmt"/>
        <line num="15" count="4" type="cond" truecount="0" falsecount="1"/>
        <line num="16" count="4" type="cond" truecount="1" falsecount="0"/>
        <line num="17" count="2" type="stmt"/>
        <line num="18" count="2" type="stmt"/>
        <line num="22" count="1" type="cond" truecount="0" falsecount="1"/>
        <line num="23" count="1" type="stmt"/>
        <line num="24" count="1" type="stmt"/>
        <line num="25" count="1" type="stmt"/>
        <line num="26" count="1" type="stmt"/>
        <line num="27" count="1" type="stmt"/>
        <line num="28" count="1" type="stmt"/>
        <line num="37" count="1" type="cond" truecount="0" falsecount="2"/>
        <line num="38" count="1" type="stmt"/>
        <line num="39" count="1" type="stmt"/>
        <line num="40" count="1" type="stmt"/>
        <line num="42" count="2" type="stmt"/>
      </file>
    </package>
  </project>
</coverage>
