{"/Users/antonio/feed-discapacidad/src/algos/filtro-discapacidad.ts": {"path":"/Users/antonio/feed-discapacidad/src/algos/filtro-discapacidad.ts","statementMap":{"0":{"start":{"line":11,"column":0},"end":{"line":11,"column":16}},"1":{"start":{"line":3,"column":0},"end":{"line":3,"column":29}},"2":{"start":{"line":4,"column":0},"end":{"line":4,"column":34}},"3":{"start":{"line":6,"column":43},"end":{"line":7,"column":null}},"4":{"start":{"line":12,"column":25},"end":{"line":12,"column":43}},"5":{"start":{"line":14,"column":25},"end":{"line":14,"column":57}},"6":{"start":{"line":16,"column":46},"end":{"line":21,"column":4}},"7":{"start":{"line":23,"column":21},"end":{"line":23,"column":58}},"8":{"start":{"line":25,"column":2},"end":{"line":32,"column":3}},"9":{"start":{"line":26,"column":21},"end":{"line":26,"column":46}},"10":{"start":{"line":27,"column":4},"end":{"line":31,"column":5}},"11":{"start":{"line":28,"column":6},"end":{"line":30,"column":7}},"12":{"start":{"line":29,"column":8},"end":{"line":29,"column":20}},"13":{"start":{"line":33,"column":2},"end":{"line":33,"column":15}}},"fnMap":{"0":{"name":"contienePalabrasClavePorIdioma","decl":{"start":{"line":11,"column":16},"end":{"line":11,"column":46}},"loc":{"start":{"line":11,"column":77},"end":{"line":34,"column":1}}}},"branchMap":{"0":{"loc":{"start":{"line":23,"column":21},"end":{"line":23,"column":58}},"type":"binary-expr","locations":[{"start":{"line":23,"column":21},"end":{"line":23,"column":40}},{"start":{"line":23,"column":44},"end":{"line":23,"column":58}}]},"1":{"loc":{"start":{"line":26,"column":21},"end":{"line":26,"column":46}},"type":"binary-expr","locations":[{"start":{"line":26,"column":21},"end":{"line":26,"column":40}},{"start":{"line":26,"column":44},"end":{"line":26,"column":46}}]},"2":{"loc":{"start":{"line":28,"column":6},"end":{"line":30,"column":7}},"type":"if","locations":[{"start":{"line":28,"column":6},"end":{"line":30,"column":7}}]}},"s":{"0":2,"1":2,"2":2,"3":2,"4":10,"5":10,"6":10,"7":10,"8":10,"9":23,"10":23,"11":144,"12":5,"13":5},"f":{"0":10},"b":{"0":[10,1],"1":[23,0],"2":[5]}}
,"/Users/antonio/feed-discapacidad/src/algos/filtro-espanol.ts": {"path":"/Users/antonio/feed-discapacidad/src/algos/filtro-espanol.ts","statementMap":{"0":{"start":{"line":5,"column":0},"end":{"line":5,"column":16}},"1":{"start":{"line":1,"column":0},"end":{"line":1,"column":36}},"2":{"start":{"line":3,"column":25},"end":{"line":3,"column":53}},"3":{"start":{"line":6,"column":17},"end":{"line":6,"column":28}},"4":{"start":{"line":7,"column":2},"end":{"line":9,"column":3}},"5":{"start":{"line":8,"column":4},"end":{"line":8,"column":18}},"6":{"start":{"line":10,"column":2},"end":{"line":10,"column":14}}},"fnMap":{"0":{"name":"esIdiomaAceptado","decl":{"start":{"line":5,"column":16},"end":{"line":5,"column":32}},"loc":{"start":{"line":5,"column":45},"end":{"line":11,"column":1}}}},"branchMap":{"0":{"loc":{"start":{"line":7,"column":2},"end":{"line":9,"column":3}},"type":"if","locations":[{"start":{"line":7,"column":2},"end":{"line":9,"column":3}}]}},"s":{"0":2,"1":2,"2":2,"3":11,"4":11,"5":8,"6":3},"f":{"0":11},"b":{"0":[8]}}
,"/Users/antonio/feed-discapacidad/src/lib/database.ts": {"path":"/Users/antonio/feed-discapacidad/src/lib/database.ts","statementMap":{"0":{"start":{"line":33,"column":0},"end":{"line":33,"column":16}},"1":{"start":{"line":42,"column":0},"end":{"line":42,"column":16}},"2":{"start":{"line":59,"column":0},"end":{"line":59,"column":16}},"3":{"start":{"line":3,"column":0},"end":{"line":3,"column":44}},"4":{"start":{"line":4,"column":0},"end":{"line":4,"column":29}},"5":{"start":{"line":5,"column":0},"end":{"line":5,"column":33}},"6":{"start":{"line":7,"column":0},"end":{"line":7,"column":16}},"7":{"start":{"line":9,"column":15},"end":{"line":9,"column":99}},"8":{"start":{"line":10,"column":11},"end":{"line":10,"column":31}},"9":{"start":{"line":13,"column":0},"end":{"line":20,"column":9}},"10":{"start":{"line":34,"column":15},"end":{"line":34,"column":66}},"11":{"start":{"line":35,"column":2},"end":{"line":35,"column":27}},"12":{"start":{"line":43,"column":15},"end":{"line":50,"column":4}},"13":{"start":{"line":51,"column":2},"end":{"line":51,"column":17}},"14":{"start":{"line":60,"column":15},"end":{"line":60,"column":80}},"15":{"start":{"line":61,"column":2},"end":{"line":61,"column":25}}},"fnMap":{"0":{"name":"limpiarPostsAntiguos","decl":{"start":{"line":33,"column":16},"end":{"line":33,"column":36}},"loc":{"start":{"line":33,"column":59},"end":{"line":36,"column":1}}},"1":{"name":"actualizarOInsertarPost","decl":{"start":{"line":42,"column":16},"end":{"line":42,"column":39}},"loc":{"start":{"line":42,"column":56},"end":{"line":52,"column":1}}},"2":{"name":"obtenerPosts","decl":{"start":{"line":59,"column":16},"end":{"line":59,"column":28}},"loc":{"start":{"line":59,"column":40},"end":{"line":62,"column":1}}}},"branchMap":{"0":{"loc":{"start":{"line":9,"column":15},"end":{"line":9,"column":99}},"type":"binary-expr","locations":[{"start":{"line":9,"column":15},"end":{"line":9,"column":50}},{"start":{"line":9,"column":54},"end":{"line":9,"column":99}}]},"1":{"loc":{"start":{"line":59,"column":29},"end":{"line":59,"column":40}},"type":"default-arg","locations":[{"start":{"line":59,"column":37},"end":{"line":59,"column":40}}]}},"s":{"0":1,"1":1,"2":1,"3":1,"4":1,"5":1,"6":1,"7":1,"8":1,"9":1,"10":0,"11":0,"12":0,"13":0,"14":0,"15":0},"f":{"0":0,"1":0,"2":0},"b":{"0":[1,1],"1":[0]}}
,"/Users/antonio/feed-discapacidad/src/services/feed-generator.ts": {"path":"/Users/antonio/feed-discapacidad/src/services/feed-generator.ts","statementMap":{"0":{"start":{"line":12,"column":0},"end":{"line":12,"column":16}},"1":{"start":{"line":22,"column":0},"end":{"line":22,"column":22}},"2":{"start":{"line":37,"column":0},"end":{"line":37,"column":16}},"3":{"start":{"line":1,"column":0},"end":{"line":1,"column":59}},"4":{"start":{"line":2,"column":0},"end":{"line":2,"column":78}},"5":{"start":{"line":3,"column":0},"end":{"line":3,"column":106}},"6":{"start":{"line":13,"column":2},"end":{"line":19,"column":5}},"7":{"start":{"line":14,"column":19},"end":{"line":14,"column":46}},"8":{"start":{"line":15,"column":4},"end":{"line":15,"column":30}},"9":{"start":{"line":15,"column":17},"end":{"line":15,"column":30}},"10":{"start":{"line":16,"column":4},"end":{"line":16,"column":73}},"11":{"start":{"line":16,"column":60},"end":{"line":16,"column":73}},"12":{"start":{"line":17,"column":4},"end":{"line":17,"column":27}},"13":{"start":{"line":18,"column":4},"end":{"line":18,"column":16}},"14":{"start":{"line":22,"column":45},"end":{"line":35,"column":null}},"15":{"start":{"line":23,"column":16},"end":{"line":23,"column":26}},"16":{"start":{"line":24,"column":16},"end":{"line":24,"column":32}},"17":{"start":{"line":25,"column":2},"end":{"line":25,"column":30}},"18":{"start":{"line":26,"column":25},"end":{"line":26,"column":54}},"19":{"start":{"line":27,"column":2},"end":{"line":34,"column":3}},"20":{"start":{"line":28,"column":4},"end":{"line":33,"column":7}},"21":{"start":{"line":38,"column":30},"end":{"line":38,"column":59}},"22":{"start":{"line":39,"column":16},"end":{"line":39,"column":37}},"23":{"start":{"line":40,"column":16},"end":{"line":40,"column":52}},"24":{"start":{"line":42,"column":2},"end":{"line":47,"column":6}},"25":{"start":{"line":42,"column":34},"end":{"line":47,"column":4}}},"fnMap":{"0":{"name":"filtrarPostsRelevantes","decl":{"start":{"line":12,"column":16},"end":{"line":12,"column":38}},"loc":{"start":{"line":12,"column":52},"end":{"line":20,"column":1}}},"1":{"name":"(anonymous_8)","decl":{"start":{"line":13,"column":22},"end":{"line":13,"column":26}},"loc":{"start":{"line":13,"column":29},"end":{"line":19,"column":3}}},"2":{"name":"actualizarCacheDePosts","decl":{"start":{"line":22,"column":22},"end":{"line":22,"column":44}},"loc":{"start":{"line":22,"column":44},"end":{"line":35,"column":null}}},"3":{"name":"(anonymous_10)","decl":{"start":{"line":22,"column":45},"end":{"line":22,"column":58}},"loc":{"start":{"line":22,"column":87},"end":{"line":35,"column":1}}},"4":{"name":"obtenerPostsCacheadosPaginados","decl":{"start":{"line":37,"column":16},"end":{"line":37,"column":46}},"loc":{"start":{"line":37,"column":70},"end":{"line":48,"column":1}}},"5":{"name":"(anonymous_12)","decl":{"start":{"line":42,"column":19},"end":{"line":42,"column":29}},"loc":{"start":{"line":42,"column":34},"end":{"line":47,"column":4}}}},"branchMap":{"0":{"loc":{"start":{"line":15,"column":4},"end":{"line":15,"column":30}},"type":"if","locations":[{"start":{"line":15,"column":4},"end":{"line":15,"column":30}}]},"1":{"loc":{"start":{"line":16,"column":4},"end":{"line":16,"column":73}},"type":"if","locations":[{"start":{"line":16,"column":4},"end":{"line":16,"column":73}}]},"2":{"loc":{"start":{"line":22,"column":60},"end":{"line":22,"column":87}},"type":"default-arg","locations":[{"start":{"line":22,"column":71},"end":{"line":22,"column":87}}]},"3":{"loc":{"start":{"line":31,"column":16},"end":{"line":31,"column":38}},"type":"binary-expr","locations":[{"start":{"line":31,"column":16},"end":{"line":31,"column":29}},{"start":{"line":31,"column":33},"end":{"line":31,"column":38}}]},"4":{"loc":{"start":{"line":37,"column":47},"end":{"line":37,"column":55}},"type":"default-arg","locations":[{"start":{"line":37,"column":54},"end":{"line":37,"column":55}}]},"5":{"loc":{"start":{"line":37,"column":57},"end":{"line":37,"column":70}},"type":"default-arg","locations":[{"start":{"line":37,"column":68},"end":{"line":37,"column":70}}]}},"s":{"0":1,"1":1,"2":1,"3":1,"4":1,"5":1,"6":2,"7":4,"8":4,"9":0,"10":4,"11":2,"12":2,"13":2,"14":1,"15":1,"16":1,"17":1,"18":1,"19":1,"20":1,"21":1,"22":1,"23":1,"24":1,"25":2},"f":{"0":2,"1":4,"2":1,"3":1,"4":1,"5":2},"b":{"0":[0],"1":[2],"2":[0],"3":[1,0],"4":[0],"5":[0]}}
}
