TN:
SF:src/app.js
FN:9,(anonymous_0)
FN:17,(anonymous_1)
FN:24,(anonymous_2)
FNF:3
FNH:0
FNDA:0,(anonymous_0)
FNDA:0,(anonymous_1)
FNDA:0,(anonymous_2)
DA:1,0
DA:2,0
DA:3,0
DA:6,0
DA:9,0
DA:10,0
DA:17,0
DA:18,0
DA:24,0
DA:25,0
DA:29,0
LF:11
LH:0
BRDA:3,0,0,0
BRDA:3,0,1,0
BRF:2
BRH:0
end_of_record
TN:
SF:src/db.js
FN:12,(anonymous_0)
FNF:1
FNH:0
FNDA:0,(anonymous_0)
DA:1,0
DA:2,0
DA:4,0
DA:11,0
DA:12,0
LF:5
LH:0
BRF:0
BRH:0
end_of_record
TN:
SF:src/feedService.js
FN:3,getFeed
FNF:1
FNH:0
FNDA:0,getFeed
DA:1,0
DA:4,0
DA:5,0
DA:8,0
LF:4
LH:0
BRF:0
BRH:0
end_of_record
TN:
SF:src/handler.js
FN:3,(anonymous_0)
FNF:1
FNH:0
FNDA:0,(anonymous_0)
DA:1,0
DA:3,0
DA:4,0
DA:5,0
LF:4
LH:0
BRF:0
BRH:0
end_of_record
TN:
SF:src/index.ts
FN:15,(anonymous_1)
FN:9,(anonymous_2)
FNF:2
FNH:0
FNDA:0,(anonymous_1)
FNDA:0,(anonymous_2)
DA:1,0
DA:2,0
DA:4,0
DA:6,0
DA:8,0
DA:9,0
DA:10,0
DA:11,0
DA:15,0
LF:9
LH:0
BRDA:6,0,0,0
BRDA:6,0,1,0
BRDA:8,1,0,0
BRF:3
BRH:0
end_of_record
TN:
SF:src/server.ts
FN:14,(anonymous_1)
FN:22,(anonymous_2)
FN:27,(anonymous_3)
FN:39,(anonymous_4)
FN:52,(anonymous_5)
FN:64,(anonymous_6)
FN:72,(anonymous_7)
FNF:7
FNH:3
FNDA:0,(anonymous_1)
FNDA:0,(anonymous_2)
FNDA:1,(anonymous_3)
FNDA:3,(anonymous_4)
FNDA:3,(anonymous_5)
FNDA:0,(anonymous_6)
FNDA:0,(anonymous_7)
DA:1,2
DA:2,2
DA:3,2
DA:4,2
DA:6,2
DA:8,2
DA:11,2
DA:14,2
DA:15,0
DA:22,2
DA:23,0
DA:27,2
DA:28,1
DA:30,1
DA:31,0
DA:35,1
DA:39,2
DA:40,3
DA:41,3
DA:42,3
DA:43,2
DA:44,2
DA:46,0
DA:47,0
DA:52,2
DA:53,3
DA:54,3
DA:55,3
DA:56,2
DA:58,1
DA:59,1
DA:64,2
DA:65,0
DA:72,2
DA:73,0
DA:74,0
LF:36
LH:28
BRDA:30,0,0,0
BRDA:30,1,0,1
BRDA:30,1,1,1
BRDA:42,2,0,1
BRF:4
BRH:3
end_of_record
TN:
SF:src/algos/filtro-discapacidad.ts
FN:27,contienePalabrasClavePorIdioma
FN:69,esRelevante
FNF:2
FNH:2
FNDA:8,contienePalabrasClavePorIdioma
FNDA:2,esRelevante
DA:2,4
DA:10,4
DA:17,4
DA:22,4
DA:27,4
DA:28,8
DA:29,1
DA:32,7
DA:34,7
DA:36,5
DA:37,27
DA:38,4
DA:43,1
DA:44,8
DA:45,0
DA:50,3
DA:52,1
DA:53,2
DA:54,1
DA:59,0
DA:60,0
DA:61,0
DA:66,2
DA:69,4
DA:70,2
DA:74,4
LF:26
LH:22
BRDA:28,0,0,1
BRDA:28,1,0,8
BRDA:28,1,1,7
BRDA:34,2,0,5
BRDA:34,3,0,7
BRDA:34,3,1,2
BRDA:37,4,0,4
BRDA:44,5,0,0
BRDA:50,6,0,1
BRDA:50,7,0,3
BRDA:50,7,1,2
BRDA:53,8,0,1
BRDA:60,9,0,0
BRF:13
BRH:11
end_of_record
TN:
SF:src/algos/filtro-espanol.ts
FN:3,detectarIdioma
FN:12,esEspanol
FN:17,esIdiomaAceptado
FNF:3
FNH:2
FNDA:9,detectarIdioma
FNDA:0,esEspanol
FNDA:7,esIdiomaAceptado
DA:1,4
DA:3,4
DA:4,9
DA:5,1
DA:8,8
DA:9,8
DA:12,4
DA:13,0
DA:14,0
DA:17,4
DA:18,7
DA:19,7
DA:20,7
DA:24,4
LF:14
LH:12
BRDA:4,0,0,1
BRDA:4,1,0,9
BRDA:4,1,1,8
BRDA:14,2,0,0
BRDA:14,2,1,0
BRDA:14,2,2,0
BRDA:14,2,3,0
BRDA:20,3,0,4
BRDA:20,3,1,3
BRF:9
BRH:5
end_of_record
TN:
SF:src/algos/index.ts
FN:1,(anonymous_0)
FN:1,(anonymous_1)
FN:1,(anonymous_2)
FN:1,(anonymous_3)
FN:2,(anonymous_4)
FN:2,(anonymous_5)
FN:2,(anonymous_6)
FNF:7
FNH:0
FNDA:0,(anonymous_0)
FNDA:0,(anonymous_1)
FNDA:0,(anonymous_2)
FNDA:0,(anonymous_3)
FNDA:0,(anonymous_4)
FNDA:0,(anonymous_5)
FNDA:0,(anonymous_6)
DA:1,0
DA:2,0
LF:2
LH:0
BRF:0
BRH:0
end_of_record
TN:
SF:src/lib/database.ts
FN:28,upsertCursor
FN:37,getCursor
FN:44,insertPost
FN:60,getPosts
FNF:4
FNH:4
FNDA:1,upsertCursor
FNDA:1,getCursor
FNDA:1,insertPost
FNDA:1,getPosts
DA:1,3
DA:2,3
DA:4,3
DA:5,3
DA:8,3
DA:20,3
DA:28,3
DA:29,1
DA:33,1
DA:37,3
DA:38,1
DA:39,1
DA:40,1
DA:44,3
DA:52,1
DA:56,1
DA:60,3
DA:67,1
DA:74,1
LF:19
LH:19
BRDA:4,0,0,3
BRDA:4,0,1,3
BRDA:40,1,0,0
BRDA:40,1,1,1
BRDA:60,2,0,1
BRF:5
BRH:4
end_of_record
TN:
SF:src/lib/logger.ts
FN:8,logInfo
FN:12,logError
FN:16,logWarn
FN:20,logDebug
FNF:4
FNH:0
FNDA:0,logInfo
FNDA:0,logError
FNDA:0,logWarn
FNDA:0,logDebug
DA:8,0
DA:9,0
DA:12,0
DA:13,0
DA:16,0
DA:17,0
DA:20,0
DA:21,0
LF:8
LH:0
BRF:0
BRH:0
end_of_record
TN:
SF:src/services/bluesky.ts
FN:8,login
FN:12,obtenerFeedAutor
FNF:2
FNH:0
FNDA:0,login
FNDA:0,obtenerFeedAutor
DA:3,0
DA:5,0
DA:6,0
DA:8,0
DA:9,0
DA:12,0
DA:13,0
DA:16,0
LF:8
LH:0
BRF:0
BRH:0
end_of_record
TN:
SF:src/services/feed-generator.ts
FN:8,fetchAndStoreFeed
FNF:1
FNH:1
FNDA:3,fetchAndStoreFeed
DA:1,3
DA:2,3
DA:3,3
DA:4,3
DA:6,3
DA:8,3
DA:9,3
DA:10,3
DA:13,2
DA:28,2
DA:29,2
DA:30,2
DA:32,2
DA:33,2
DA:45,2
DA:46,2
DA:49,1
DA:50,1
LF:18
LH:18
BRDA:32,0,0,2
BRDA:32,1,0,2
BRDA:32,1,1,2
BRDA:38,2,0,2
BRDA:38,2,1,0
BRF:5
BRH:4
end_of_record
